<?xml version="1.0" encoding="UTF-8"?>
<testsuite name="agh.ii.prinjava.lab02.exc02_01.impl.ArrayBasedImplTest" tests="3" skipped="0" failures="0" errors="0" timestamp="2021-10-21T23:04:19" hostname="LAPTOP-GRIR0463" time="0.247">
  <properties/>
  <testcase name="newStackIsEmpty()" classname="agh.ii.prinjava.lab02.exc02_01.impl.ArrayBasedImplTest" time="0.055"/>
  <testcase name="pop()" classname="agh.ii.prinjava.lab02.exc02_01.impl.ArrayBasedImplTest" time="0.189"/>
  <testcase name="peek()" classname="agh.ii.prinjava.lab02.exc02_01.impl.ArrayBasedImplTest" time="0.002"/>
  <system-out><![CDATA[]]></system-out>
  <system-err><![CDATA[]]></system-err>
</testsuite>
